<?xml version="1.0" encoding="UTF-8"?>
<!-- Generated by org.testng.reporters.JUnitReportReporter -->
<testsuite hostname="DESKTOP-RI90LI4" failures="0" tests="1" name="Test.TestNGTodo" time="4.641" errors="0" timestamp="2022-02-04T21:21:22 IST" skipped="0">
  <testcase classname="Test.TestNGTodo" name="testSimple" time="4.641"/>
  <system-out/>
</testsuite> <!-- Test.TestNGTodo -->
