<?xml version="1.0" encoding="UTF-8"?>
<!-- Generated by org.testng.reporters.JUnitReportReporter -->
<testsuite hostname="DESKTOP-RI90LI4" failures="0" tests="1" name="Test.SAMs_Auto" time="111.219" errors="0" timestamp="2022-02-04T16:06:15 IST" skipped="0">
  <testcase classname="Test.SAMs_Auto" name="action" time="111.219"/>
  <system-out/>
</testsuite> <!-- Test.SAMs_Auto -->
