<?xml version="1.0" encoding="UTF-8"?>
<!-- Generated by org.testng.reporters.JUnitReportReporter -->
<testsuite hostname="DESKTOP-I12U3FU" failures="0" tests="10" name="lambdatest.Appium_Interactive_AD_11" time="30.078" errors="0" timestamp="2022-03-28T17:26:16 IST" skipped="0">
  <testcase classname="lambdatest.Appium_Interactive_AD_11" name="playVideo" time="11.764"/>
  <system-out/>
  <testcase classname="lambdatest.Appium_Interactive_AD_11" name="openSecondSAM" time="1.864"/>
  <system-out/>
  <testcase classname="lambdatest.Appium_Interactive_AD_11" name="openThirdSAM" time="1.929"/>
  <system-out/>
  <testcase classname="lambdatest.Appium_Interactive_AD_11" name="openFirstSAM" time="0.964"/>
  <system-out/>
  <testcase classname="lambdatest.Appium_Interactive_AD_11" name="verifySecondSAMButton" time="2.046"/>
  <system-out/>
  <testcase classname="lambdatest.Appium_Interactive_AD_11" name="verifyFirstSAMButton" time="6.635"/>
  <system-out/>
  <testcase classname="lambdatest.Appium_Interactive_AD_11" name="verifyThirdSAMButton" time="1.905"/>
  <system-out/>
  <testcase classname="lambdatest.Appium_Interactive_AD_11" name="closeThirdSAM" time="0.901"/>
  <system-out/>
  <testcase classname="lambdatest.Appium_Interactive_AD_11" name="closeSecondSAM" time="0.906"/>
  <system-out/>
  <testcase classname="lambdatest.Appium_Interactive_AD_11" name="closeFirstSAM" time="1.164"/>
  <system-out/>
</testsuite> <!-- lambdatest.Appium_Interactive_AD_11 -->
