<?xml version="1.0" encoding="UTF-8"?>
<!-- Generated by org.testng.reporters.JUnitReportReporter -->
<testsuite hostname="DESKTOP-I12U3FU" failures="0" tests="1" name="lambdatest.Interactive_AD_11_LT" time="36.571" errors="0" timestamp="2022-03-25T15:49:22 IST" skipped="0">
  <testcase classname="lambdatest.Interactive_AD_11_LT" name="run" time="36.571"/>
  <system-out/>
</testsuite> <!-- lambdatest.Interactive_AD_11_LT -->
