<?xml version="1.0" encoding="UTF-8"?>
<!-- Generated by org.testng.reporters.JUnitReportReporter -->
<testsuite hostname="DESKTOP-I12U3FU" failures="0" tests="10" name="lambdatest.Interactive_AD_11" time="23.520" errors="0" timestamp="2022-03-28T17:56:39 IST" skipped="0">
  <testcase classname="lambdatest.Interactive_AD_11" name="playVideo" time="12.592"/>
  <system-out/>
  <testcase classname="lambdatest.Interactive_AD_11" name="openFirstSAM" time="1.200"/>
  <system-out/>
  <testcase classname="lambdatest.Interactive_AD_11" name="verifyFirstSAMButton" time="4.937"/>
  <system-out/>
  <testcase classname="lambdatest.Interactive_AD_11" name="closeFirstSAM" time="0.481"/>
  <system-out/>
  <testcase classname="lambdatest.Interactive_AD_11" name="openSecondSAM" time="0.516"/>
  <system-out/>
  <testcase classname="lambdatest.Interactive_AD_11" name="verifySecondSAMButton" time="1.275"/>
  <system-out/>
  <testcase classname="lambdatest.Interactive_AD_11" name="closeSecondSAM" time="0.310"/>
  <system-out/>
  <testcase classname="lambdatest.Interactive_AD_11" name="openThirdSAM" time="0.536"/>
  <system-out/>
  <testcase classname="lambdatest.Interactive_AD_11" name="verifyThirdSAMButton" time="1.312"/>
  <system-out/>
  <testcase classname="lambdatest.Interactive_AD_11" name="closeThirdSAM" time="0.361"/>
  <system-out/>
</testsuite> <!-- lambdatest.Interactive_AD_11 -->
