<?xml version="1.0" encoding="UTF-8"?>
<!-- Generated by org.testng.reporters.JUnitReportReporter -->
<testsuite hostname="DESKTOP-I12U3FU" failures="0" tests="10" name="lambdatest.Interactive_AD_11_LT_Copy" time="45.155" errors="0" timestamp="2022-03-25T15:39:05 IST" skipped="0">
  <testcase classname="lambdatest.Interactive_AD_11_LT_Copy" name="playVideo" time="7.857"/>
  <system-out/>
  <testcase classname="lambdatest.Interactive_AD_11_LT_Copy" name="openSecondSAM" time="3.265"/>
  <system-out/>
  <testcase classname="lambdatest.Interactive_AD_11_LT_Copy" name="openThirdSAM" time="2.674"/>
  <system-out/>
  <testcase classname="lambdatest.Interactive_AD_11_LT_Copy" name="openFirstSAM" time="2.733"/>
  <system-out/>
  <testcase classname="lambdatest.Interactive_AD_11_LT_Copy" name="verifyThirdSAMButton" time="6.600"/>
  <system-out/>
  <testcase classname="lambdatest.Interactive_AD_11_LT_Copy" name="verifyFirstSAMButton" time="7.239"/>
  <system-out/>
  <testcase classname="lambdatest.Interactive_AD_11_LT_Copy" name="verifySecondSAMButton" time="5.757"/>
  <system-out/>
  <testcase classname="lambdatest.Interactive_AD_11_LT_Copy" name="closeFirstSAM" time="3.207"/>
  <system-out/>
  <testcase classname="lambdatest.Interactive_AD_11_LT_Copy" name="closeSecondSAM" time="3.107"/>
  <system-out/>
  <testcase classname="lambdatest.Interactive_AD_11_LT_Copy" name="closeThirdSAM" time="2.716"/>
  <system-out/>
</testsuite> <!-- lambdatest.Interactive_AD_11_LT_Copy -->
