<?xml version="1.0" encoding="UTF-8"?>
<!-- Generated by org.testng.reporters.JUnitReportReporter -->
<testsuite hostname="DESKTOP-I12U3FU" failures="0" tests="10" name="lambdatest.Interactive_AD_11" time="16.728" errors="0" timestamp="2022-03-24T20:20:43 IST" skipped="0">
  <testcase classname="lambdatest.Interactive_AD_11" name="playVideo" time="8.995"/>
  <system-out/>
  <testcase classname="lambdatest.Interactive_AD_11" name="openFirstSAM" time="0.969"/>
  <system-out/>
  <testcase classname="lambdatest.Interactive_AD_11" name="verifyFirstSAMButton" time="2.834"/>
  <system-out/>
  <testcase classname="lambdatest.Interactive_AD_11" name="closeFirstSAM" time="0.382"/>
  <system-out/>
  <testcase classname="lambdatest.Interactive_AD_11" name="openSecondSAM" time="0.468"/>
  <system-out/>
  <testcase classname="lambdatest.Interactive_AD_11" name="verifySecondSAMButton" time="1.019"/>
  <system-out/>
  <testcase classname="lambdatest.Interactive_AD_11" name="closeSecondSAM" time="0.415"/>
  <system-out/>
  <testcase classname="lambdatest.Interactive_AD_11" name="openThirdSAM" time="0.405"/>
  <system-out/>
  <testcase classname="lambdatest.Interactive_AD_11" name="verifyThirdSAMButton" time="0.855"/>
  <system-out/>
  <testcase classname="lambdatest.Interactive_AD_11" name="closeThirdSAM" time="0.386"/>
  <system-out/>
</testsuite> <!-- lambdatest.Interactive_AD_11 -->
