<?xml version="1.0" encoding="UTF-8"?>
<!-- Generated by org.testng.reporters.JUnitReportReporter -->
<testsuite hostname="DESKTOP-I12U3FU" failures="0" tests="1" name="lambdatest.Interactive_AD_11" time="15.705" errors="0" timestamp="2022-03-24T15:33:03 IST" skipped="0">
  <testcase classname="lambdatest.Interactive_AD_11" name="run" time="15.705"/>
  <system-out/>
</testsuite> <!-- lambdatest.Interactive_AD_11 -->
