<?xml version="1.0" encoding="UTF-8"?>
<!-- Generated by org.testng.reporters.JUnitReportReporter -->
<testsuite hostname="DESKTOP-I12U3FU" failures="0" tests="1" name="lambdatest.LambdaTest" time="21.360" errors="0" timestamp="2022-03-24T14:22:55 IST" skipped="0">
  <testcase classname="lambdatest.LambdaTest" name="run" time="21.360"/>
  <system-out/>
</testsuite> <!-- lambdatest.LambdaTest -->
