<?xml version="1.0" encoding="UTF-8"?>
<!-- Generated by org.testng.reporters.JUnitReportReporter -->
<testsuite hostname="DESKTOP-I12U3FU" failures="0" tests="2" name="lambdatest.Interactive_AD_11_Copy" time="11.487" errors="0" timestamp="2022-03-25T15:32:50 IST" skipped="0">
  <testcase classname="lambdatest.Interactive_AD_11_Copy" name="pauseVideo" time="5.326"/>
  <system-out/>
  <testcase classname="lambdatest.Interactive_AD_11_Copy" name="playVideo" time="6.161"/>
  <system-out/>
</testsuite> <!-- lambdatest.Interactive_AD_11_Copy -->
