<?xml version="1.0" encoding="UTF-8"?>
<!-- Generated by org.testng.reporters.JUnitReportReporter -->
<testsuite hostname="DESKTOP-I12U3FU" failures="0" tests="2" name="lambdatest.TestNGAnnotations1" time="0.008" errors="0" timestamp="2022-03-24T18:07:51 IST" skipped="0">
  <testcase classname="lambdatest.TestNGAnnotations1" name="test2" time="0.000"/>
  <system-out/>
  <testcase classname="lambdatest.TestNGAnnotations1" name="test1" time="0.008"/>
  <system-out/>
</testsuite> <!-- lambdatest.TestNGAnnotations1 -->
