<?xml version="1.0" encoding="UTF-8"?>
<!-- Generated by org.testng.reporters.JUnitReportReporter -->
<testsuite hostname="DESKTOP-I12U3FU" failures="0" tests="5" name="lambdatest.TestNGAnnotations" time="0.044" errors="0" timestamp="2022-03-24T19:10:50 IST" skipped="0">
  <testcase classname="lambdatest.TestNGAnnotations" name="d" time="0.028"/>
  <system-out/>
  <testcase classname="lambdatest.TestNGAnnotations" name="e" time="0.005"/>
  <system-out/>
  <testcase classname="lambdatest.TestNGAnnotations" name="a" time="0.003"/>
  <system-out/>
  <testcase classname="lambdatest.TestNGAnnotations" name="c" time="0.003"/>
  <system-out/>
  <testcase classname="lambdatest.TestNGAnnotations" name="b" time="0.005"/>
  <system-out/>
</testsuite> <!-- lambdatest.TestNGAnnotations -->
